2025-02-34 09:14 o.h.validator.internal.util.Version-HV000001: Hibernate Validator 6.2.3.Final
2025-02-34 09:14 c.e.board.board.BoardApplication-Starting BoardApplication using Java 17.0.13 on LAPTOP-IT8R2MEG with PID 16708 (C:\Users\Playdata\Desktop\board\build\classes\java\main started by Playdata in C:\Users\Playdata\Desktop\board)
2025-02-34 09:14 c.e.board.board.BoardApplication-The following 1 profile is active: "local"
2025-02-34 09:14 o.s.d.r.c.RepositoryConfigurationDelegate-Bootstrapping Spring Data JPA repositories in DEFAULT mode.
2025-02-34 09:14 o.s.d.r.c.RepositoryConfigurationDelegate-Finished Spring Data repository scanning in 65 ms. Found 2 JPA repository interfaces.
2025-02-34 09:14 o.s.b.w.e.tomcat.TomcatWebServer-Tomcat initialized with port(s): 8080 (http)
2025-02-34 09:14 o.a.coyote.http11.Http11NioProtocol-Initializing ProtocolHandler ["http-nio-8080"]
2025-02-34 09:14 o.a.catalina.core.StandardService-Starting service [Tomcat]
2025-02-34 09:14 o.a.catalina.core.StandardEngine-Starting Servlet engine: [Apache Tomcat/9.0.64]
2025-02-34 09:14 o.a.c.c.C.[Tomcat].[localhost].[/]-Initializing Spring embedded WebApplicationContext
2025-02-34 09:14 o.s.b.w.s.c.ServletWebServerApplicationContext-Root WebApplicationContext: initialization completed in 2524 ms
2025-02-34 09:14 o.h.jpa.internal.util.LogHelper-HHH000204: Processing PersistenceUnitInfo [name: default]
2025-02-34 09:14 org.hibernate.Version-HHH000412: Hibernate ORM core version 5.6.9.Final
2025-02-34 09:14 o.h.annotations.common.Version-HCANN000001: Hibernate Commons Annotations {5.1.2.Final}
2025-02-34 09:14 com.zaxxer.hikari.HikariDataSource-HikariPool-1 - Starting...
2025-02-34 09:14 com.zaxxer.hikari.HikariDataSource-HikariPool-1 - Start completed.
2025-02-34 09:14 org.hibernate.dialect.Dialect-HHH000400: Using dialect: org.hibernate.dialect.MariaDBDialect
2025-02-34 09:14 o.h.e.t.j.p.i.JtaPlatformInitiator-HHH000490: Using JtaPlatform implementation: [org.hibernate.engine.transaction.jta.platform.internal.NoJtaPlatform]
2025-02-34 09:14 o.s.o.j.LocalContainerEntityManagerFactoryBean-Initialized JPA EntityManagerFactory for persistence unit 'default'
2025-02-34 09:14 o.s.s.web.DefaultSecurityFilterChain-Will secure any request with [org.springframework.security.web.session.DisableEncodeUrlFilter@2e38d44e, org.springframework.security.web.context.request.async.WebAsyncManagerIntegrationFilter@6c25123e, org.springframework.security.web.context.SecurityContextPersistenceFilter@58ca6ba3, org.springframework.security.web.header.HeaderWriterFilter@167bb934, org.springframework.security.web.authentication.logout.LogoutFilter@61607ff0, org.springframework.security.web.authentication.UsernamePasswordAuthenticationFilter@3dc39412, org.springframework.security.web.savedrequest.RequestCacheAwareFilter@7676b2b9, org.springframework.security.web.servletapi.SecurityContextHolderAwareRequestFilter@720c0996, org.springframework.security.web.authentication.AnonymousAuthenticationFilter@5f5c0eda, org.springframework.security.web.session.SessionManagementFilter@5b3ee43e, org.springframework.security.web.access.ExceptionTranslationFilter@54e680fe, org.springframework.security.web.access.intercept.FilterSecurityInterceptor@3c538e62]
2025-02-34 09:14 o.s.b.a.o.j.JpaBaseConfiguration$JpaWebConfiguration-spring.jpa.open-in-view is enabled by default. Therefore, database queries may be performed during view rendering. Explicitly configure spring.jpa.open-in-view to disable this warning
2025-02-34 09:14 o.a.coyote.http11.Http11NioProtocol-Starting ProtocolHandler ["http-nio-8080"]
2025-02-34 09:14 o.s.b.w.e.tomcat.TomcatWebServer-Tomcat started on port(s): 8080 (http) with context path ''
2025-02-34 09:14 c.e.board.board.BoardApplication-Started BoardApplication in 6.326 seconds (JVM running for 6.949)
2025-02-34 09:21 o.a.c.c.C.[Tomcat].[localhost].[/]-Initializing Spring DispatcherServlet 'dispatcherServlet'
2025-02-34 09:21 o.s.web.servlet.DispatcherServlet-Initializing Servlet 'dispatcherServlet'
2025-02-34 09:21 o.s.web.servlet.DispatcherServlet-Completed initialization in 2 ms
2025-02-34 09:43 o.h.validator.internal.util.Version-HV000001: Hibernate Validator 6.2.3.Final
2025-02-34 09:43 c.e.board.board.BoardApplication-Starting BoardApplication using Java 17.0.13 on LAPTOP-IT8R2MEG with PID 19808 (C:\Users\Playdata\Desktop\board\build\classes\java\main started by Playdata in C:\Users\Playdata\Desktop\board)
2025-02-34 09:43 c.e.board.board.BoardApplication-The following 1 profile is active: "local"
2025-02-34 09:43 o.s.d.r.c.RepositoryConfigurationDelegate-Multiple Spring Data modules found, entering strict repository configuration mode
2025-02-34 09:43 o.s.d.r.c.RepositoryConfigurationDelegate-Bootstrapping Spring Data JPA repositories in DEFAULT mode.
2025-02-34 09:43 o.s.d.r.c.RepositoryConfigurationDelegate-Finished Spring Data repository scanning in 131 ms. Found 2 JPA repository interfaces.
2025-02-34 09:43 o.s.d.r.c.RepositoryConfigurationDelegate-Multiple Spring Data modules found, entering strict repository configuration mode
2025-02-34 09:43 o.s.d.r.c.RepositoryConfigurationDelegate-Bootstrapping Spring Data Redis repositories in DEFAULT mode.
2025-02-34 09:43 o.s.d.r.c.RepositoryConfigurationExtensionSupport-Spring Data Redis - Could not safely identify store assignment for repository candidate interface com.example.board.board.author.repository.AuthorRepository; If you want this repository to be a Redis repository, consider annotating your entities with one of these annotations: org.springframework.data.redis.core.RedisHash (preferred), or consider extending one of the following types with your repository: org.springframework.data.keyvalue.repository.KeyValueRepository
2025-02-34 09:43 o.s.d.r.c.RepositoryConfigurationExtensionSupport-Spring Data Redis - Could not safely identify store assignment for repository candidate interface com.example.board.board.post.repository.PostRepository; If you want this repository to be a Redis repository, consider annotating your entities with one of these annotations: org.springframework.data.redis.core.RedisHash (preferred), or consider extending one of the following types with your repository: org.springframework.data.keyvalue.repository.KeyValueRepository
2025-02-34 09:43 o.s.d.r.c.RepositoryConfigurationDelegate-Finished Spring Data repository scanning in 14 ms. Found 0 Redis repository interfaces.
2025-02-34 09:43 o.s.b.w.e.tomcat.TomcatWebServer-Tomcat initialized with port(s): 8080 (http)
2025-02-34 09:43 o.a.coyote.http11.Http11NioProtocol-Initializing ProtocolHandler ["http-nio-8080"]
2025-02-34 09:43 o.a.catalina.core.StandardService-Starting service [Tomcat]
2025-02-34 09:43 o.a.catalina.core.StandardEngine-Starting Servlet engine: [Apache Tomcat/9.0.64]
2025-02-34 09:43 o.a.c.c.C.[Tomcat].[localhost].[/]-Initializing Spring embedded WebApplicationContext
2025-02-34 09:43 o.s.b.w.s.c.ServletWebServerApplicationContext-Root WebApplicationContext: initialization completed in 2156 ms
2025-02-34 09:43 o.h.jpa.internal.util.LogHelper-HHH000204: Processing PersistenceUnitInfo [name: default]
2025-02-34 09:43 org.hibernate.Version-HHH000412: Hibernate ORM core version 5.6.9.Final
2025-02-34 09:43 o.h.annotations.common.Version-HCANN000001: Hibernate Commons Annotations {5.1.2.Final}
2025-02-34 09:43 com.zaxxer.hikari.HikariDataSource-HikariPool-1 - Starting...
2025-02-34 09:43 com.zaxxer.hikari.HikariDataSource-HikariPool-1 - Start completed.
2025-02-34 09:43 org.hibernate.dialect.Dialect-HHH000400: Using dialect: org.hibernate.dialect.MariaDBDialect
2025-02-34 09:43 o.h.e.t.j.p.i.JtaPlatformInitiator-HHH000490: Using JtaPlatform implementation: [org.hibernate.engine.transaction.jta.platform.internal.NoJtaPlatform]
2025-02-34 09:43 o.s.o.j.LocalContainerEntityManagerFactoryBean-Initialized JPA EntityManagerFactory for persistence unit 'default'
2025-02-34 09:43 o.s.s.web.DefaultSecurityFilterChain-Will secure any request with [org.springframework.security.web.session.DisableEncodeUrlFilter@21251e43, org.springframework.security.web.context.request.async.WebAsyncManagerIntegrationFilter@677274e7, org.springframework.security.web.context.SecurityContextPersistenceFilter@5c7d675c, org.springframework.security.web.header.HeaderWriterFilter@129348e8, org.springframework.security.web.authentication.logout.LogoutFilter@7fa86ddd, org.springframework.security.web.authentication.UsernamePasswordAuthenticationFilter@4f571c0e, org.springframework.security.web.savedrequest.RequestCacheAwareFilter@981d9d2, org.springframework.security.web.servletapi.SecurityContextHolderAwareRequestFilter@ad6448e, org.springframework.security.web.authentication.AnonymousAuthenticationFilter@54c17a2b, org.springframework.security.web.session.SessionManagementFilter@39a03ccc, org.springframework.security.web.access.ExceptionTranslationFilter@7a482b3a, org.springframework.security.web.access.intercept.FilterSecurityInterceptor@63e40188]
2025-02-34 09:43 o.s.b.a.o.j.JpaBaseConfiguration$JpaWebConfiguration-spring.jpa.open-in-view is enabled by default. Therefore, database queries may be performed during view rendering. Explicitly configure spring.jpa.open-in-view to disable this warning
2025-02-34 09:43 o.a.coyote.http11.Http11NioProtocol-Starting ProtocolHandler ["http-nio-8080"]
2025-02-34 09:43 o.s.b.w.e.tomcat.TomcatWebServer-Tomcat started on port(s): 8080 (http) with context path ''
2025-02-34 09:43 o.s.s.a.ScheduledAnnotationBeanPostProcessor-No TaskScheduler/ScheduledExecutorService bean found for scheduled processing
2025-02-34 09:43 c.e.board.board.BoardApplication-Started BoardApplication in 6.516 seconds (JVM running for 7.002)
2025-02-34 09:47 o.a.c.c.C.[Tomcat].[localhost].[/]-Initializing Spring DispatcherServlet 'dispatcherServlet'
2025-02-34 09:47 o.s.web.servlet.DispatcherServlet-Initializing Servlet 'dispatcherServlet'
2025-02-34 09:47 o.s.web.servlet.DispatcherServlet-Completed initialization in 1 ms
